# JRE version: OpenJDK Runtime Environment (8.0_121-b13) (build 1.8.0_121-8u121-b13-0ubuntu1.16.04.2-b13)
# Java VM: OpenJDK 64-Bit Server VM (25.121-b13 mixed mode linux-amd64 compressed oops)
Heap:
 PSYoungGen      total 32256K, used 9532K [0x00000000dbf00000, 0x00000000dfc00000, 0x0000000100000000)
  eden space 27648K, 17% used [0x00000000dbf00000,0x00000000dc3d5330,0x00000000dda00000)
  from space 4608K, 99% used [0x00000000dda80000,0x00000000ddefa018,0x00000000ddf00000)
  to   space 17408K, 0% used [0x00000000deb00000,0x00000000deb00000,0x00000000dfc00000)
 ParOldGen       total 54272K, used 23101K [0x0000000093c00000, 0x0000000097100000, 0x00000000dbf00000)
  object space 54272K, 42% used [0x0000000093c00000,0x000000009528f680,0x0000000097100000)
 Metaspace       used 22670K, capacity 22882K, committed 23036K, reserved 1069056K
  class space    used 2779K, capacity 2870K, committed 2892K, reserved 1048576K
GC Heap History (10 events):
Event: 14.560 GC heap before
{Heap before GC invocations=2 (full 0):
 PSYoungGen      total 32768K, used 32758K [0x00000000dbf00000, 0x00000000de380000, 0x0000000100000000)
  eden space 28160K, 100% used [0x00000000dbf00000,0x00000000dda80000,0x00000000dda80000)
  from space 4608K, 99% used [0x00000000dda80000,0x00000000ddefdb50,0x00000000ddf00000)
  to   space 4608K, 0% used [0x00000000ddf00000,0x00000000ddf00000,0x00000000de380000)
 ParOldGen       total 75264K, used 1111K [0x0000000093c00000, 0x0000000098580000, 0x00000000dbf00000)
  object space 75264K, 1% used [0x0000000093c00000,0x0000000093d15c00,0x0000000098580000)
 Metaspace       used 20762K, capacity 21026K, committed 21120K, reserved 1067008K
  class space    used 2570K, capacity 2678K, committed 2688K, reserved 1048576K
Event: 14.582 GC heap after
Heap after GC invocations=2 (full 0):
 PSYoungGen      total 32768K, used 4595K [0x00000000dbf00000, 0x00000000de380000, 0x0000000100000000)
  eden space 28160K, 0% used [0x00000000dbf00000,0x00000000dbf00000,0x00000000dda80000)
  from space 4608K, 99% used [0x00000000ddf00000,0x00000000de37cdf8,0x00000000de380000)
  to   space 4608K, 0% used [0x00000000dda80000,0x00000000dda80000,0x00000000ddf00000)
 ParOldGen       total 75264K, used 7974K [0x0000000093c00000, 0x0000000098580000, 0x00000000dbf00000)
  object space 75264K, 10% used [0x0000000093c00000,0x00000000943c9a10,0x0000000098580000)
 Metaspace       used 20762K, capacity 21026K, committed 21120K, reserved 1067008K
  class space    used 2570K, capacity 2678K, committed 2688K, reserved 1048576K
}
Event: 19.485 GC heap before
{Heap before GC invocations=3 (full 0):
 PSYoungGen      total 32768K, used 10102K [0x00000000dbf00000, 0x00000000de380000, 0x0000000100000000)
  eden space 28160K, 19% used [0x00000000dbf00000,0x00000000dc460a28,0x00000000dda80000)
  from space 4608K, 99% used [0x00000000ddf00000,0x00000000de37cdf8,0x00000000de380000)
  to   space 4608K, 0% used [0x00000000dda80000,0x00000000dda80000,0x00000000ddf00000)
 ParOldGen       total 75264K, used 7974K [0x0000000093c00000, 0x0000000098580000, 0x00000000dbf00000)
  object space 75264K, 10% used [0x0000000093c00000,0x00000000943c9a10,0x0000000098580000)
 Metaspace       used 20998K, capacity 21218K, committed 21552K, reserved 1069056K
  class space    used 2602K, capacity 2678K, committed 2688K, reserved 1048576K
Event: 19.514 GC heap after
Heap after GC invocations=3 (full 0):
 PSYoungGen      total 32768K, used 4597K [0x00000000dbf00000, 0x00000000de380000, 0x0000000100000000)
  eden space 28160K, 0% used [0x00000000dbf00000,0x00000000dbf00000,0x00000000dda80000)
  from space 4608K, 99% used [0x00000000dda80000,0x00000000ddefd6b8,0x00000000ddf00000)
  to   space 4608K, 0% used [0x00000000ddf00000,0x00000000ddf00000,0x00000000de380000)
 ParOldGen       total 75264K, used 18375K [0x0000000093c00000, 0x0000000098580000, 0x00000000dbf00000)
  object space 75264K, 24% used [0x0000000093c00000,0x0000000094df1d88,0x0000000098580000)
 Metaspace       used 20998K, capacity 21218K, committed 21552K, reserved 1069056K
  class space    used 2602K, capacity 2678K, committed 2688K, reserved 1048576K
}
Event: 31.958 GC heap before
{Heap before GC invocations=4 (full 0):
 PSYoungGen      total 32768K, used 13588K [0x00000000dbf00000, 0x00000000de380000, 0x0000000100000000)
  eden space 28160K, 31% used [0x00000000dbf00000,0x00000000dc7c7a40,0x00000000dda80000)
  from space 4608K, 99% used [0x00000000dda80000,0x00000000ddefd6b8,0x00000000ddf00000)
  to   space 4608K, 0% used [0x00000000ddf00000,0x00000000ddf00000,0x00000000de380000)
 ParOldGen       total 75264K, used 18375K [0x0000000093c00000, 0x0000000098580000, 0x00000000dbf00000)
  object space 75264K, 24% used [0x0000000093c00000,0x0000000094df1d88,0x0000000098580000)
 Metaspace       used 21264K, capacity 21442K, committed 21628K, reserved 1069056K
  class space    used 2641K, capacity 2710K, committed 2764K, reserved 1048576K
Event: 31.976 GC heap after
Heap after GC invocations=4 (full 0):
 PSYoungGen      total 32768K, used 4595K [0x00000000dbf00000, 0x00000000de380000, 0x0000000100000000)
  eden space 28160K, 0% used [0x00000000dbf00000,0x00000000dbf00000,0x00000000dda80000)
  from space 4608K, 99% used [0x00000000ddf00000,0x00000000de37cc70,0x00000000de380000)
  to   space 4608K, 0% used [0x00000000dda80000,0x00000000dda80000,0x00000000ddf00000)
 ParOldGen       total 75264K, used 24954K [0x0000000093c00000, 0x0000000098580000, 0x00000000dbf00000)
  object space 75264K, 33% used [0x0000000093c00000,0x000000009545e9f8,0x0000000098580000)
 Metaspace       used 21264K, capacity 21442K, committed 21628K, reserved 1069056K
  class space    used 2641K, capacity 2710K, committed 2764K, reserved 1048576K
}
Event: 31.976 GC heap before
{Heap before GC invocations=5 (full 1):
 PSYoungGen      total 32768K, used 4595K [0x00000000dbf00000, 0x00000000de380000, 0x0000000100000000)
  eden space 28160K, 0% used [0x00000000dbf00000,0x00000000dbf00000,0x00000000dda80000)
  from space 4608K, 99% used [0x00000000ddf00000,0x00000000de37cc70,0x00000000de380000)
  to   space 4608K, 0% used [0x00000000dda80000,0x00000000dda80000,0x00000000ddf00000)
 ParOldGen       total 75264K, used 24954K [0x0000000093c00000, 0x0000000098580000, 0x00000000dbf00000)
  object space 75264K, 33% used [0x0000000093c00000,0x000000009545e9f8,0x0000000098580000)
 Metaspace       used 21264K, capacity 21442K, committed 21628K, reserved 1069056K
  class space    used 2641K, capacity 2710K, committed 2764K, reserved 1048576K
Event: 32.049 GC heap after
Heap after GC invocations=5 (full 1):
 PSYoungGen      total 32768K, used 0K [0x00000000dbf00000, 0x00000000de380000, 0x0000000100000000)
  eden space 28160K, 0% used [0x00000000dbf00000,0x00000000dbf00000,0x00000000dda80000)
  from space 4608K, 0% used [0x00000000ddf00000,0x00000000ddf00000,0x00000000de380000)
  to   space 4608K, 0% used [0x00000000dda80000,0x00000000dda80000,0x00000000ddf00000)
 ParOldGen       total 54272K, used 14116K [0x0000000093c00000, 0x0000000097100000, 0x00000000dbf00000)
  object space 54272K, 26% used [0x0000000093c00000,0x00000000949c93e8,0x0000000097100000)
 Metaspace       used 21264K, capacity 21442K, committed 21628K, reserved 1069056K
  class space    used 2641K, capacity 2710K, committed 2764K, reserved 1048576K
}
Event: 57.617 GC heap before
{Heap before GC invocations=6 (full 1):
 PSYoungGen      total 32768K, used 28160K [0x00000000dbf00000, 0x00000000de380000, 0x0000000100000000)
  eden space 28160K, 100% used [0x00000000dbf00000,0x00000000dda80000,0x00000000dda80000)
  from space 4608K, 0% used [0x00000000ddf00000,0x00000000ddf00000,0x00000000de380000)
  to   space 4608K, 0% used [0x00000000dda80000,0x00000000dda80000,0x00000000ddf00000)
 ParOldGen       total 54272K, used 14116K [0x0000000093c00000, 0x0000000097100000, 0x00000000dbf00000)
  object space 54272K, 26% used [0x0000000093c00000,0x00000000949c93e8,0x0000000097100000)
 Metaspace       used 22604K, capacity 22818K, committed 23036K, reserved 1069056K
  class space    used 2774K, capacity 2870K, committed 2892K, reserved 1048576K
Event: 57.627 GC heap after
Heap after GC invocations=6 (full 1):
 PSYoungGen      total 32256K, used 4584K [0x00000000dbf00000, 0x00000000dfc00000, 0x0000000100000000)
  eden space 27648K, 0% used [0x00000000dbf00000,0x00000000dbf00000,0x00000000dda00000)
  from space 4608K, 99% used [0x00000000dda80000,0x00000000ddefa018,0x00000000ddf00000)
  to   space 17408K, 0% used [0x00000000deb00000,0x00000000deb00000,0x00000000dfc00000)
 ParOldGen       total 54272K, used 23101K [0x0000000093c00000, 0x0000000097100000, 0x00000000dbf00000)
  object space 54272K, 42% used [0x0000000093c00000,0x000000009528f680,0x0000000097100000)
 Metaspace       used 22604K, capacity 22818K, committed 23036K, reserved 1069056K
  class space    used 2774K, capacity 2870K, committed 2892K, reserved 1048576K
}

